alpha[5]=E
alpha[2]=t
alpha[1]=A
alpha[14]=o
alpha[6]=i
alpha[12]=n
alpha[11]=s
alpha[9]=h
alpha[8]=R
alpha[3]=d
alpha[10]=l
alpha[19]=c
alpha[4]=u
alpha[16]=m
alpha[17]=w
alpha[18]=f
alpha[20]=g
alpha[7]=y
alpha[15]=p
alpha[13]=b
alpha[21]=v
AtduEiyRhlsnbopmwfcgv
AtdiyRA EARhd liss hnnibE RE nEusEhoE spnE Rim At ARE hwhdftdEf lhnERtcoE dEhn ARE utsicE oAhAitd lREnE ARE untgEooitdhs hoohooid nEEoE RinEf liss EsimdhAE Rim Atmtnntl oRE liss yt At ARE lhni RtpoE hdf wEctmE ARE ginoA uEnotd At RioctbEn Rio ctnuoE liAR h oAotdy hsiwi AREoE utsicE tggicEno hwotspAEsv chd dtA hnnEoA REn


5 2 14 1 6 12 8 9 11 3 10 19 4 16 17 18 20 7 15 13 21